<?xml version="1.0" encoding="UTF-8"?>
<!-- Generated by org.testng.reporters.JUnitReportReporter -->
<testsuite skipped="0" hostname="DESKTOP-P60CAPQ" name="com.ojt.TestClassFirst" tests="1" failures="0" timestamp="2022-02-14T13:41:55 IST" time="10.138" errors="0">
  <testcase name="test1" time="10.138" classname="com.ojt.TestClassFirst"/>
  <system-out/>
</testsuite> <!-- com.ojt.TestClassFirst -->
